# JRE version: OpenJDK Runtime Environment (11.0.8+10) (build 11.0.8+10-b944.6842174)
# Java VM: OpenJDK 64-Bit Server VM (11.0.8+10-b944.6842174, mixed mode, tiered, compressed oops, g1 gc, windows-amd64)
Heap:
 garbage-first heap   total 262144K, used 117625K [0x0000000080000000, 0x0000000100000000)
  region size 1024K, 53 young (54272K), 10 survivors (10240K)
 Metaspace       used 101701K, capacity 104524K, committed 104644K, reserved 1140736K
  class space    used 13053K, capacity 14115K, committed 14156K, reserved 1048576K
GC Heap History (20 events):
Event: 3.816 GC heap before
{Heap before GC invocations=4 (full 0):
 garbage-first heap   total 262144K, used 82669K [0x0000000080000000, 0x0000000100000000)
  region size 1024K, 67 young (68608K), 2 survivors (2048K)
 Metaspace       used 35039K, capacity 35769K, committed 35840K, reserved 1081344K
  class space    used 4562K, capacity 4856K, committed 4864K, reserved 1048576K
}
Event: 3.824 GC heap after
{Heap after GC invocations=5 (full 0):
 garbage-first heap   total 262144K, used 21588K [0x0000000080000000, 0x0000000100000000)
  region size 1024K, 6 young (6144K), 6 survivors (6144K)
 Metaspace       used 35039K, capacity 35769K, committed 35840K, reserved 1081344K
  class space    used 4562K, capacity 4856K, committed 4864K, reserved 1048576K
}
Event: 5.589 GC heap before
{Heap before GC invocations=6 (full 0):
 garbage-first heap   total 262144K, used 125012K [0x0000000080000000, 0x0000000100000000)
  region size 1024K, 104 young (106496K), 6 survivors (6144K)
 Metaspace       used 44141K, capacity 45196K, committed 45516K, reserved 1089536K
  class space    used 5667K, capacity 6055K, committed 6144K, reserved 1048576K
}
Event: 5.596 GC heap after
{Heap after GC invocations=7 (full 0):
 garbage-first heap   total 262144K, used 26711K [0x0000000080000000, 0x0000000100000000)
  region size 1024K, 11 young (11264K), 11 survivors (11264K)
 Metaspace       used 44141K, capacity 45196K, committed 45516K, reserved 1089536K
  class space    used 5667K, capacity 6055K, committed 6144K, reserved 1048576K
}
Event: 7.933 GC heap before
{Heap before GC invocations=7 (full 0):
 garbage-first heap   total 262144K, used 175191K [0x0000000080000000, 0x0000000100000000)
  region size 1024K, 153 young (156672K), 11 survivors (11264K)
 Metaspace       used 58613K, capacity 59970K, committed 60108K, reserved 1101824K
  class space    used 7427K, capacity 7921K, committed 7936K, reserved 1048576K
}
Event: 7.949 GC heap after
{Heap after GC invocations=8 (full 0):
 garbage-first heap   total 262144K, used 42055K [0x0000000080000000, 0x0000000100000000)
  region size 1024K, 20 young (20480K), 20 survivors (20480K)
 Metaspace       used 58613K, capacity 59970K, committed 60108K, reserved 1101824K
  class space    used 7427K, capacity 7921K, committed 7936K, reserved 1048576K
}
Event: 7.966 GC heap before
{Heap before GC invocations=8 (full 0):
 garbage-first heap   total 262144K, used 43079K [0x0000000080000000, 0x0000000100000000)
  region size 1024K, 22 young (22528K), 20 survivors (20480K)
 Metaspace       used 58728K, capacity 60066K, committed 60236K, reserved 1101824K
  class space    used 7439K, capacity 7953K, committed 8064K, reserved 1048576K
}
Event: 7.994 GC heap after
{Heap after GC invocations=9 (full 0):
 garbage-first heap   total 262144K, used 45289K [0x0000000080000000, 0x0000000100000000)
  region size 1024K, 3 young (3072K), 3 survivors (3072K)
 Metaspace       used 58728K, capacity 60066K, committed 60236K, reserved 1101824K
  class space    used 7439K, capacity 7953K, committed 8064K, reserved 1048576K
}
Event: 9.191 GC heap before
{Heap before GC invocations=10 (full 0):
 garbage-first heap   total 262144K, used 130281K [0x0000000080000000, 0x0000000100000000)
  region size 1024K, 86 young (88064K), 3 survivors (3072K)
 Metaspace       used 66071K, capacity 67609K, committed 67788K, reserved 1107968K
  class space    used 8635K, capacity 9214K, committed 9216K, reserved 1048576K
}
Event: 9.198 GC heap after
{Heap after GC invocations=11 (full 0):
 garbage-first heap   total 262144K, used 49099K [0x0000000080000000, 0x0000000100000000)
  region size 1024K, 7 young (7168K), 7 survivors (7168K)
 Metaspace       used 66071K, capacity 67609K, committed 67788K, reserved 1107968K
  class space    used 8635K, capacity 9214K, committed 9216K, reserved 1048576K
}
Event: 10.575 GC heap before
{Heap before GC invocations=11 (full 0):
 garbage-first heap   total 262144K, used 142283K [0x0000000080000000, 0x0000000100000000)
  region size 1024K, 99 young (101376K), 7 survivors (7168K)
 Metaspace       used 74998K, capacity 76878K, committed 77132K, reserved 1116160K
  class space    used 9845K, capacity 10540K, committed 10624K, reserved 1048576K
}
Event: 10.584 GC heap after
{Heap after GC invocations=12 (full 0):
 garbage-first heap   total 262144K, used 54890K [0x0000000080000000, 0x0000000100000000)
  region size 1024K, 12 young (12288K), 12 survivors (12288K)
 Metaspace       used 74998K, capacity 76878K, committed 77132K, reserved 1116160K
  class space    used 9845K, capacity 10540K, committed 10624K, reserved 1048576K
}
Event: 18.329 GC heap before
{Heap before GC invocations=12 (full 0):
 garbage-first heap   total 262144K, used 157290K [0x0000000080000000, 0x0000000100000000)
  region size 1024K, 111 young (113664K), 12 survivors (12288K)
 Metaspace       used 83403K, capacity 85514K, committed 85580K, reserved 1124352K
  class space    used 10879K, capacity 11630K, committed 11648K, reserved 1048576K
}
Event: 18.342 GC heap after
{Heap after GC invocations=13 (full 0):
 garbage-first heap   total 262144K, used 65399K [0x0000000080000000, 0x0000000100000000)
  region size 1024K, 14 young (14336K), 14 survivors (14336K)
 Metaspace       used 83403K, capacity 85514K, committed 85580K, reserved 1124352K
  class space    used 10879K, capacity 11630K, committed 11648K, reserved 1048576K
}
Event: 80.815 GC heap before
{Heap before GC invocations=13 (full 0):
 garbage-first heap   total 262144K, used 166775K [0x0000000080000000, 0x0000000100000000)
  region size 1024K, 114 young (116736K), 14 survivors (14336K)
 Metaspace       used 89453K, capacity 91850K, committed 92108K, reserved 1128448K
  class space    used 11387K, capacity 12237K, committed 12288K, reserved 1048576K
}
Event: 80.827 GC heap after
{Heap after GC invocations=14 (full 0):
 garbage-first heap   total 262144K, used 70278K [0x0000000080000000, 0x0000000100000000)
  region size 1024K, 7 young (7168K), 7 survivors (7168K)
 Metaspace       used 89453K, capacity 91850K, committed 92108K, reserved 1128448K
  class space    used 11387K, capacity 12237K, committed 12288K, reserved 1048576K
}
Event: 129.076 GC heap before
{Heap before GC invocations=14 (full 0):
 garbage-first heap   total 262144K, used 175750K [0x0000000080000000, 0x0000000100000000)
  region size 1024K, 109 young (111616K), 7 survivors (7168K)
 Metaspace       used 90727K, capacity 93125K, committed 93388K, reserved 1130496K
  class space    used 11407K, capacity 12259K, committed 12288K, reserved 1048576K
}
Event: 129.083 GC heap after
{Heap after GC invocations=15 (full 0):
 garbage-first heap   total 262144K, used 72108K [0x0000000080000000, 0x0000000100000000)
  region size 1024K, 7 young (7168K), 7 survivors (7168K)
 Metaspace       used 90727K, capacity 93125K, committed 93388K, reserved 1130496K
  class space    used 11407K, capacity 12259K, committed 12288K, reserved 1048576K
}
Event: 130.416 GC heap before
{Heap before GC invocations=15 (full 0):
 garbage-first heap   total 262144K, used 179628K [0x0000000080000000, 0x0000000100000000)
  region size 1024K, 112 young (114688K), 7 survivors (7168K)
 Metaspace       used 98004K, capacity 100809K, committed 101036K, reserved 1136640K
  class space    used 12523K, capacity 13550K, committed 13568K, reserved 1048576K
}
Event: 130.425 GC heap after
{Heap after GC invocations=16 (full 0):
 garbage-first heap   total 262144K, used 75641K [0x0000000080000000, 0x0000000100000000)
  region size 1024K, 10 young (10240K), 10 survivors (10240K)
 Metaspace       used 98004K, capacity 100809K, committed 101036K, reserved 1136640K
  class space    used 12523K, capacity 13550K, committed 13568K, reserved 1048576K
}

